<?xml version="1.0" encoding="UTF-8"?>
<testsuite xmlns:xsi="http://www.w3.org/2001/XMLSchema-instance" xsi:noNamespaceSchemaLocation="https://maven.apache.org/surefire/maven-surefire-plugin/xsd/surefire-test-report-3.0.xsd" version="3.0" name="Principal.PrincipalTest" time="0.08" tests="14" errors="0" skipped="0" failures="0">
  <properties>
[...]
</properties>
  <testcase name="testToStringContainsClassName" classname="Principal.PrincipalTest" time="0.029"/>
  <testcase name="testClone" classname="Principal.PrincipalTest" time="0.003">
    <system-out><![CDATA[kkkkkk
]]></system-out>
  </testcase>
  <testcase name="testToString" classname="Principal.PrincipalTest" time="0.003"/>
  <testcase name="testEqualsReflexive" classname="Principal.PrincipalTest" time="0.001"/>
  <testcase name="testHashCodeConsistency" classname="Principal.PrincipalTest" time="0.002"/>
  <testcase name="testObjectInstantiation" classname="Principal.PrincipalTest" time="0.001"/>
  <testcase name="testEqualsWithDifferentObject" classname="Principal.PrincipalTest" time="0.002"/>
  <testcase name="testFinalizeExists" classname="Principal.PrincipalTest" time="0.001"/>
  <testcase name="testEqualsSymmetric" classname="Principal.PrincipalTest" time="0.001"/>
  <testcase name="testHashCode" classname="Principal.PrincipalTest" time="0.001"/>
  <testcase name="testEqualsWithDifferentClass" classname="Principal.PrincipalTest" time="0"/>
  <testcase name="testEqualsWithSameObject" classname="Principal.PrincipalTest" time="0.001"/>
  <testcase name="testEqualsWithNull" classname="Principal.PrincipalTest" time="0.001"/>
  <testcase name="testEqualsConsistent" classname="Principal.PrincipalTest" time="0.001"/>
</testsuite>